<?xml version="1.0" encoding="UTF-8"?>
<!-- Generated by org.testng.reporters.JUnitReportReporter -->
<testsuite skipped="0" hostname="DESKTOP-08FKUO3" name="TakeScreenSchot.screenShot" tests="1" failures="0" timestamp="2022-12-15T17:57:07 IST" time="12.090" errors="0">
  <testcase name="screenshot" time="12.090" classname="TakeScreenSchot.screenShot"/>
  <system-out/>
</testsuite> <!-- TakeScreenSchot.screenShot -->
