<?xml version="1.0" encoding="UTF-8"?>
<!-- Generated by org.testng.reporters.JUnitReportReporter -->
<testsuite skipped="0" hostname="DESKTOP-08FKUO3" name="JavaScriptScrollBy.ScrollUpAndDown" tests="1" failures="0" timestamp="2022-12-15T15:16:25 IST" time="16.336" errors="0">
  <testcase name="scroll" time="16.336" classname="JavaScriptScrollBy.ScrollUpAndDown"/>
  <system-out/>
</testsuite> <!-- JavaScriptScrollBy.ScrollUpAndDown -->
