<?xml version="1.0" encoding="UTF-8"?>
<!-- Generated by org.testng.reporters.JUnitReportReporter -->
<testsuite skipped="0" hostname="DESKTOP-08FKUO3" name="practice.IccCrecketTeam" tests="1" failures="0" timestamp="2022-11-23T17:50:07 IST" time="84.769" errors="0">
  <testcase name="iccCrecket" time="84.769" classname="practice.IccCrecketTeam"/>
  <system-out/>
</testsuite> <!-- practice.IccCrecketTeam -->
