<?xml version="1.0" encoding="UTF-8"?>
<!-- Generated by org.testng.reporters.JUnitReportReporter -->
<testsuite skipped="0" hostname="DESKTOP-08FKUO3" name="ActionClass.RightClickAction" tests="1" failures="0" timestamp="2022-12-14T22:24:57 IST" time="17.002" errors="0">
  <testcase name="right" time="17.002" classname="ActionClass.RightClickAction"/>
  <system-out/>
</testsuite> <!-- ActionClass.RightClickAction -->
