<?xml version="1.0" encoding="UTF-8"?>
<!-- Generated by org.testng.reporters.JUnitReportReporter -->
<testsuite skipped="0" hostname="DESKTOP-08FKUO3" name="practice.BookMyShow" tests="1" failures="0" timestamp="2022-12-01T15:44:10 IST" time="38.555" errors="0">
  <testcase name="bookmyshow" time="38.555" classname="practice.BookMyShow"/>
  <system-out/>
</testsuite> <!-- practice.BookMyShow -->
