<?xml version="1.0" encoding="UTF-8"?>
<!-- Generated by org.testng.reporters.JUnitReportReporter -->
<testsuite skipped="0" hostname="DESKTOP-08FKUO3" name="TestNg.TestNgPratice" tests="3" failures="0" timestamp="2022-11-30T12:25:04 IST" time="0.025" errors="0">
  <testcase name="create" time="0.020" classname="TestNg.TestNgPratice"/>
  <system-out/>
  <testcase name="modify" time="0.003" classname="TestNg.TestNgPratice"/>
  <system-out/>
  <testcase name="delet" time="0.002" classname="TestNg.TestNgPratice"/>
  <system-out/>
</testsuite> <!-- TestNg.TestNgPratice -->
