<?xml version="1.0" encoding="UTF-8"?>
<!-- Generated by org.testng.reporters.JUnitReportReporter -->
<testsuite skipped="0" hostname="DESKTOP-08FKUO3" name="ActionClass.MouseOverAndDoubleClickAction" tests="1" failures="0" timestamp="2022-12-14T22:03:34 IST" time="15.944" errors="0">
  <testcase name="mouseAndDouble" time="15.944" classname="ActionClass.MouseOverAndDoubleClickAction"/>
  <system-out/>
</testsuite> <!-- ActionClass.MouseOverAndDoubleClickAction -->
