<?xml version="1.0" encoding="UTF-8"?>
<!-- Generated by org.testng.reporters.JUnitReportReporter -->
<testsuite skipped="0" hostname="DESKTOP-08FKUO3" name="ActionClass.DragAndDrop" tests="1" failures="0" timestamp="2022-12-15T13:49:48 IST" time="28.282" errors="0">
  <testcase name="drag" time="28.282" classname="ActionClass.DragAndDrop"/>
  <system-out/>
</testsuite> <!-- ActionClass.DragAndDrop -->
