<?xml version="1.0" encoding="UTF-8"?>
<!-- Generated by org.testng.reporters.JUnitReportReporter -->
<testsuite skipped="0" hostname="DESKTOP-08FKUO3" name="PopUps.AlertPopUp" tests="1" failures="0" timestamp="2022-12-15T18:10:38 IST" time="8.558" errors="0">
  <testcase name="alert" time="8.558" classname="PopUps.AlertPopUp"/>
  <system-out/>
</testsuite> <!-- PopUps.AlertPopUp -->
