<?xml version="1.0" encoding="UTF-8"?>
<!-- Generated by org.testng.reporters.JUnitReportReporter -->
<testsuite skipped="0" hostname="DESKTOP-08FKUO3" name="practice.softassert_pratices" tests="2" failures="0" timestamp="2022-09-22T12:39:28 IST" time="0.018" errors="0">
  <testcase name="softassert" time="0.016" classname="practice.softassert_pratices"/>
  <system-out/>
  <testcase name="test2" time="0.002" classname="practice.softassert_pratices"/>
  <system-out/>
</testsuite> <!-- practice.softassert_pratices -->
