<?xml version="1.0" encoding="UTF-8"?>
<!-- Generated by org.testng.reporters.JUnitReportReporter -->
<testsuite skipped="0" hostname="DESKTOP-08FKUO3" name="TestNg.TestNgPratice" tests="3" failures="0" timestamp="2022-09-20T12:04:16 IST" time="0.013" errors="0">
  <testcase name="modify" time="0.001" classname="TestNg.TestNgPratice"/>
  <system-out/>
  <testcase name="create" time="0.010" classname="TestNg.TestNgPratice"/>
  <system-out/>
  <testcase name="delet" time="0.002" classname="TestNg.TestNgPratice"/>
  <system-out/>
</testsuite> <!-- TestNg.TestNgPratice -->
